<?xml version="1.0" encoding="UTF-8"?>
<!-- Generated by org.testng.reporters.JUnitXMLReporter -->
<testsuite ignored="0" hostname="DESKTOP-QQMULL5" failures="0" tests="3" name="Firefox-ClaimsPayments" time="51.393" errors="0" timestamp="2025-09-06T10:16:43 IST">
  <testcase classname="com.parabank.tests.RenewalTests" name="renewPolicy" time="5.531"/>
  <testcase classname="com.parabank.tests.LoanTests" name="verifyLoanRequest" time="3.266"/>
  <testcase classname="com.parabank.tests.PaymentGatewayTests" name="failedPayment" time="3.095"/>
</testsuite> <!-- Firefox-ClaimsPayments -->
